\BOOKMARK [0][-]{chapter*.1}{\376\377\000\315\000n\000d\000i\000c\000e}{}% 1
\BOOKMARK [0][-]{chapter*.2}{\376\377\000L\000i\000s\000t\000a\000\040\000d\000e\000\040\000T\000a\000b\000e\000l\000a\000s}{}% 2
\BOOKMARK [0][-]{chapter*.3}{\376\377\000L\000i\000s\000t\000a\000\040\000d\000e\000\040\000F\000i\000g\000u\000r\000a\000s}{}% 3
\BOOKMARK [0][-]{chapter.1}{\376\377\000I\000n\000t\000r\000o\000d\000u\000\347\000\343\000o}{}% 4
\BOOKMARK [0][-]{chapter.2}{\376\377\000A\000m\000b\000i\000e\000n\000t\000e}{}% 5
\BOOKMARK [1][-]{section.2.1}{\376\377\000T\000e\000r\000r\000e\000n\000o}{chapter.2}% 6
\BOOKMARK [2][-]{subsection.2.1.1}{\376\377\000R\000u\000\355\000d\000o\000\040\000d\000e\000\040\000P\000e\000r\000l\000i\000n}{section.2.1}% 7
\BOOKMARK [2][-]{subsection.2.1.2}{\376\377\000A\000l\000g\000o\000r\000i\000t\000m\000o\000\040\000F\000l\000o\000o\000d\000\040\000F\000i\000l\000l}{section.2.1}% 8
\BOOKMARK [1][-]{section.2.2}{\376\377\000B\000l\000o\000c\000o\000s}{chapter.2}% 9
\BOOKMARK [1][-]{section.2.3}{\376\377\000S\000k\000y\000b\000o\000x}{chapter.2}% 10
\BOOKMARK [2][-]{subsection.2.3.1}{\376\377\000M\000u\000n\000d\000o\000\040\000E\000s\000c\000o\000n\000d\000i\000d\000o}{section.2.3}% 11
\BOOKMARK [1][-]{section.2.4}{\376\377\000S\000o\000m}{chapter.2}% 12
\BOOKMARK [1][-]{section.2.5}{\376\377\000B\000-\000s\000p\000l\000i\000n\000e}{chapter.2}% 13
\BOOKMARK [0][-]{chapter.3}{\376\377\000A\000g\000e\000n\000t\000e\000s}{}% 14
\BOOKMARK [1][-]{section.3.1}{\376\377\000A\000v\000e\000s}{chapter.3}% 15
\BOOKMARK [1][-]{section.3.2}{\376\377\000M\000L\000-\000A\000g\000e\000n\000t\000s}{chapter.3}% 16
\BOOKMARK [1][-]{section.3.3}{\376\377\000F\000i\000c\000h\000e\000i\000r\000o\000\040\000d\000e\000\040\000C\000o\000n\000f\000i\000g\000u\000r\000a\000\347\000\343\000o}{chapter.3}% 17
\BOOKMARK [0][-]{chapter.4}{\376\377\000I\000n\000t\000e\000r\000f\000a\000c\000e}{}% 18
\BOOKMARK [1][-]{section.4.1}{\376\377\000M\000e\000n\000u}{chapter.4}% 19
\BOOKMARK [1][-]{section.4.2}{\376\377\000M\000e\000n\000u\000\040\000d\000e\000\040\000J\000o\000g\000o}{chapter.4}% 20
\BOOKMARK [0][-]{chapter.5}{\376\377\000I\000n\000t\000e\000r\000a\000\347\000\343\000o}{}% 21
\BOOKMARK [1][-]{section.5.1}{\376\377\000R\000a\000t\000o\000\040\000e\000\040\000T\000e\000c\000l\000a\000d\000o}{chapter.5}% 22
\BOOKMARK [1][-]{section.5.2}{\376\377\000M\000i\000c\000r\000o\000f\000o\000n\000e}{chapter.5}% 23
\BOOKMARK [0][-]{chapter.6}{\376\377\000C\000o\000n\000c\000l\000u\000s\000\343\000o}{}% 24
\BOOKMARK [0][-]{chapter*.4}{\376\377\000B\000i\000b\000l\000i\000o\000g\000r\000a\000f\000i\000a}{}% 25
